2025-04-26 11:08:33,652 - INFO - Starting experiment: peak-stationary.
2025-04-26 11:08:33,652 - DEBUG - Config: {
  "exp_name": "peak-stationary",
  "mode": "test",
  "split": {
    "train": [
      "00009",
      "00012",
      "00005",
      "00020",
      "00031",
      "00022",
      "00029",
      "00016",
      "00026",
      "00024",
      "00014",
      "00010",
      "00011",
      "00027",
      "00008",
      "00019",
      "00030",
      "00003",
      "00025",
      "00006",
      "00033"
    ],
    "valid": [
      "00013",
      "00018",
      "00002",
      "00032",
      "00028",
      "00021",
      "00000"
    ],
    "test": [
      "00023",
      "00004",
      "00040",
      "00015",
      "00017",
      "00001",
      "00007"
    ],
    "5-Fold": {
      "Fold-1": [
        "00023",
        "00004",
        "00040",
        "00015",
        "00017",
        "00001",
        "00007"
      ],
      "Fold-2": [
        "00013",
        "00018",
        "00002",
        "00032",
        "00028",
        "00021",
        "00000"
      ],
      "Fold-3": [
        "00009",
        "00012",
        "00005",
        "00020",
        "00031",
        "00022",
        "00029"
      ],
      "Fold-4": [
        "00016",
        "00025",
        "00024",
        "00014",
        "00010",
        "00011",
        "00027"
      ],
      "Fold-5": [
        "00008",
        "00019",
        "00030",
        "00003",
        "00026",
        "00006",
        "00033"
      ]
    }
  },
  "dataset": {
    "ring_type": "ring2",
    "input_type": [
      "ir-filtered-rr"
    ],
    "label_type": [
      "resp_rr"
    ],
    "shuffle": true,
    "batch_size": 128,
    "quality_assessment": {
      "method": "elgendi",
      "th": 0
    },
    "target_fs": 100,
    "window_duration": 30,
    "experiment": [
      "Health",
      "Daily",
      "Sport"
    ],
    "task": [
      "sitting",
      "spo2",
      "talking",
      "shaking_head",
      "standing"
    ]
  },
  "seed": 42,
  "csv_path": "csv/peak/peak.csv",
  "img_path": "img/peak",
  "method": {
    "name": "peak",
    "type": "unsupervised",
    "model_path": null,
    "params": {
      "in_channels": 1,
      "base_filters": 32,
      "kernel_size": 5,
      "stride": 2,
      "groups": 1,
      "n_block": 8,
      "n_classes": 180,
      "downsample_gap": 2,
      "increasefilter_gap": 4,
      "backbone": false
    }
  },
  "train": {
    "device": "1",
    "epochs": 200,
    "lr": 0.001,
    "criterion": "mse",
    "optimizer": "adam",
    "early_stopping": {
      "monitor": "val_loss",
      "patience": 30,
      "mode": "min"
    },
    "model_checkpoint": {
      "monitor": "val_loss",
      "mode": "min",
      "save_best_only": true
    }
  },
  "test": {
    "device": "1",
    "batch_size": 128,
    "metrics": [
      "mae",
      "rmse",
      "mape",
      "pearson"
    ],
    "model_path": null,
    "model_name": null
  },
  "pretrain_model": "TODO"
}
2025-04-26 11:08:33,652 - INFO - Logging to: logs/rtool-peak-stationary-0426-110833.log
2025-04-26 11:08:33,653 - INFO - Running unsupervised method.
2025-04-26 11:08:35,143 - INFO - Found 33 subjects in the data folder.
2025-04-26 11:08:35,143 - INFO - Channels: ['ir-filtered-rr'], Task: ['resp_rr']
2025-04-26 11:08:35,143 - INFO - Scenario mode on. Loading train dataset from scenarios: ['sitting', 'spo2', 'talking', 'shaking_head', 'standing'].
2025-04-26 11:08:35,768 - INFO - Loaded 1532 samples for task resp_rr with channels ['ir-filtered-rr'] for dataset type train.
2025-04-26 11:08:35,769 - INFO - Running unsupervised testing for resp_rr...
2025-04-26 11:08:35,769 - INFO - Using algorithm: peak for task: resp_rr
2025-04-26 11:08:35,822 - DEBUG - Task: resp_rr - MAE: 3.7209, RMSE: 5.0558, MAPE: 24.32%, Pearson: 0.1905
2025-04-26 11:08:35,824 - INFO - Saved results to /home/disk2/disk/3/tjk/RingTool/csv/peak-stationary/resp_rr/peak-stationary.csv
2025-04-26 11:08:37,265 - INFO - Saved visualization plots to /home/disk2/disk/3/tjk/RingTool/img/peak-stationary/resp_rr
2025-04-26 11:08:37,265 - INFO - Test results for task resp_rr: {'loss': 0, 'sample_len': 1532, 'mae': 3.7208601951935982, 'mae_with_std': '3.72±0.09', 'rmse': 5.055832112512088, 'rmse_with_std': '5.06±1.06', 'mape': 24.324061571459545, 'mape_with_std': '24.32±0.75', 'pearson': 0.190489157006061, 'pearson_with_std': '0.19±0.03'}
2025-04-26 11:08:37,305 - INFO - Experiment peak-stationary finished in 3.65 seconds.
