2025-04-26 11:08:02,614 - INFO - Starting experiment: fft-motion.
2025-04-26 11:08:02,614 - DEBUG - Config: {
  "exp_name": "fft-motion",
  "mode": "test",
  "split": {
    "train": [
      "00009",
      "00012",
      "00005",
      "00020",
      "00031",
      "00022",
      "00029",
      "00016",
      "00026",
      "00024",
      "00014",
      "00010",
      "00011",
      "00027",
      "00008",
      "00019",
      "00030",
      "00003",
      "00025",
      "00006",
      "00033"
    ],
    "valid": [
      "00013",
      "00018",
      "00002",
      "00032",
      "00028",
      "00021",
      "00000"
    ],
    "test": [
      "00023",
      "00004",
      "00040",
      "00015",
      "00017",
      "00001",
      "00007"
    ],
    "5-Fold": {
      "Fold-1": [
        "00023",
        "00004",
        "00040",
        "00015",
        "00017",
        "00001",
        "00007"
      ],
      "Fold-2": [
        "00013",
        "00018",
        "00002",
        "00032",
        "00028",
        "00021",
        "00000"
      ],
      "Fold-3": [
        "00009",
        "00012",
        "00005",
        "00020",
        "00031",
        "00022",
        "00029"
      ],
      "Fold-4": [
        "00016",
        "00025",
        "00024",
        "00014",
        "00010",
        "00011",
        "00027"
      ],
      "Fold-5": [
        "00008",
        "00019",
        "00030",
        "00003",
        "00026",
        "00006",
        "00033"
      ]
    }
  },
  "dataset": {
    "ring_type": "ring2",
    "input_type": [
      "ir-filtered-rr"
    ],
    "label_type": [
      "resp_rr"
    ],
    "shuffle": true,
    "batch_size": 128,
    "quality_assessment": {
      "method": "elgendi",
      "th": 0.8
    },
    "target_fs": 100,
    "window_duration": 30,
    "experiment": [
      "Health",
      "Daily",
      "Sport"
    ],
    "task": [
      "deepsquat",
      "striding"
    ]
  },
  "seed": 42,
  "csv_path": "csv/fft/fft.csv",
  "img_path": "img/fft",
  "method": {
    "name": "fft",
    "type": "unsupervised",
    "model_path": null,
    "params": {
      "in_channels": 1,
      "base_filters": 32,
      "kernel_size": 5,
      "stride": 2,
      "groups": 1,
      "n_block": 8,
      "n_classes": 180,
      "downsample_gap": 2,
      "increasefilter_gap": 4,
      "backbone": false
    }
  },
  "train": {
    "device": "1",
    "epochs": 200,
    "lr": 0.001,
    "criterion": "mse",
    "optimizer": "adam",
    "early_stopping": {
      "monitor": "val_loss",
      "patience": 30,
      "mode": "min"
    },
    "model_checkpoint": {
      "monitor": "val_loss",
      "mode": "min",
      "save_best_only": true
    }
  },
  "test": {
    "device": "1",
    "batch_size": 128,
    "metrics": [
      "mae",
      "rmse",
      "mape",
      "pearson"
    ],
    "model_path": null,
    "model_name": null
  },
  "pretrain_model": "TODO"
}
2025-04-26 11:08:02,614 - INFO - Logging to: logs/rtool-fft-motion-0426-110802.log
2025-04-26 11:08:02,614 - INFO - Running unsupervised method.
2025-04-26 11:08:04,104 - INFO - Found 33 subjects in the data folder.
2025-04-26 11:08:04,104 - INFO - Channels: ['ir-filtered-rr'], Task: ['resp_rr']
2025-04-26 11:08:04,105 - INFO - Scenario mode on. Loading train dataset from scenarios: ['deepsquat', 'striding'].
2025-04-26 11:08:04,367 - INFO - Loaded 15 samples for task resp_rr with channels ['ir-filtered-rr'] for dataset type train.
2025-04-26 11:08:04,368 - INFO - Running unsupervised testing for resp_rr...
2025-04-26 11:08:04,368 - INFO - Using algorithm: fft for task: resp_rr
2025-04-26 11:08:04,445 - DEBUG - Task: resp_rr - MAE: 6.4460, RMSE: 7.5766, MAPE: 35.22%, Pearson: 0.1953
2025-04-26 11:08:04,447 - INFO - Saved results to /home/disk2/disk/3/tjk/RingTool/csv/fft-motion/resp_rr/fft-motion.csv
2025-04-26 11:08:05,489 - INFO - Saved visualization plots to /home/disk2/disk/3/tjk/RingTool/img/fft-motion/resp_rr
2025-04-26 11:08:05,489 - INFO - Test results for task resp_rr: {'loss': 0, 'sample_len': 15, 'mae': 6.446033157348634, 'mae_with_std': '6.45±1.06', 'rmse': 7.576558493519525, 'rmse_with_std': '7.58±4.10', 'mape': 35.219583749526535, 'mape_with_std': '35.22±6.75', 'pearson': 0.19530702613091638, 'pearson_with_std': '0.20±0.27'}
2025-04-26 11:08:05,529 - INFO - Experiment fft-motion finished in 2.91 seconds.
